Apr 13, 2022 4:24:58 PM com.genuitec.pulse.client.deliverypackage.runtime.internal.Activator initializeLoggers
INFO: Package starting up at Wed Apr 13 16:24:58 WAT 2022
Apr 13, 2022 4:25:01 PM com.genuitec.pulse.client.deliverypackage.runtime.UpdatesService checkForWorkspaceUpdates
INFO: Latest version of package has already been enabled in the workspace; check finished in 7ms
Apr 13, 2022 4:25:12 PM org.glassfish.grizzly.nio.NIOTransport start
INFO: Adjusting kernel thread pool to max size 9 to handle configured number of SelectorRunners
Apr 13, 2022 4:25:12 PM org.glassfish.grizzly.http.server.NetworkListener start
INFO: Started listener bound to [127.0.0.1:63678]
Apr 13, 2022 4:25:12 PM org.glassfish.grizzly.http.server.HttpServer start
INFO: [HttpServer] Started.
Apr 13, 2022 4:25:12 PM org.glassfish.tyrus.server.Server start
INFO: WebSocket Registered apps: URLs all start with ws://127.0.0.1:63678
Apr 13, 2022 4:25:12 PM org.glassfish.tyrus.server.Server start
INFO: WebSocket server started.
Apr 13, 2022 4:25:42 PM com.genuitec.pulse.client.deliverypackage.runtime.UpdatesService checkForUpdates
INFO: Latest version of package is installed; update check finished in 7536ms
Apr 13, 2022 4:28:06 PM com.genuitec.pulse.client.deliverypackage.runtime.UpdatesService checkForUpdates
INFO: Latest version of package is installed; update check finished in 1848ms
Apr 15, 2022 9:01:32 AM com.genuitec.pulse.client.deliverypackage.runtime.UpdatesService checkForUpdates
INFO: Latest version of package is installed; update check finished in 3837ms
Apr 15, 2022 9:01:46 AM org.glassfish.grizzly.http.server.NetworkListener shutdownNow
INFO: Stopped listener bound to [127.0.0.1:63678]
Apr 15, 2022 9:01:46 AM org.glassfish.tyrus.server.Server stop
INFO: Websocket Server stopped.
